<?xml version="1.0" encoding="UTF-8"?>
<testsuite xmlns:xsi="http://www.w3.org/2001/XMLSchema-instance" xsi:noNamespaceSchemaLocation="https://maven.apache.org/surefire/maven-surefire-plugin/xsd/surefire-test-report-3.0.xsd" version="3.0" name="com.procurement.ProcurementApplicationTests" time="8.737" tests="1" errors="0" skipped="0" failures="0">
  <properties>
[...]
</properties>
  <testcase name="contextLoads" classname="com.procurement.ProcurementApplicationTests" time="0.761">
    <system-out><![CDATA[Standard Commons Logging discovery in action with spring-jcl: please remove commons-logging.jar from classpath in order to avoid potential conflicts
16:19:26.610 [main] INFO org.springframework.test.context.support.AnnotationConfigContextLoaderUtils -- Could not detect default configuration classes for test class [com.procurement.ProcurementApplicationTests]: ProcurementApplicationTests does not declare any static, non-private, non-final, nested classes annotated with @Configuration.
16:19:26.729 [main] INFO org.springframework.boot.test.context.SpringBootTestContextBootstrapper -- Found @SpringBootConfiguration com.procurement.ProcurementApplication for test class com.procurement.ProcurementApplicationTests

  .   ____          _            __ _ _
 /\\ / ___'_ __ _ _(_)_ __  __ _ \ \ \ \
( ( )\___ | '_ | '_| | '_ \/ _` | \ \ \ \
 \\/  ___)| |_)| | | | | || (_| |  ) ) ) )
  '  |____| .__|_| |_|_| |_\__, | / / / /
 =========|_|==============|___/=/_/_/_/
 :: Spring Boot ::                (v3.2.3)

2026-03-02T16:19:27.276+08:00  INFO 21216 --- [procurement-server] [           main] c.p.ProcurementApplicationTests          : Starting ProcurementApplicationTests using Java 21.0.1 with PID 21216 (started by 25291 in E:\WorkSpace\DevSpace\procurement system uniapp---600\procurement-server)
2026-03-02T16:19:27.277+08:00  INFO 21216 --- [procurement-server] [           main] c.p.ProcurementApplicationTests          : The following 1 profile is active: "dev"
2026-03-02T16:19:28.640+08:00  INFO 21216 --- [procurement-server] [           main] .s.d.r.c.RepositoryConfigurationDelegate : Multiple Spring Data modules found, entering strict repository configuration mode
2026-03-02T16:19:28.645+08:00  INFO 21216 --- [procurement-server] [           main] .s.d.r.c.RepositoryConfigurationDelegate : Bootstrapping Spring Data Redis repositories in DEFAULT mode.
2026-03-02T16:19:28.688+08:00  INFO 21216 --- [procurement-server] [           main] .s.d.r.c.RepositoryConfigurationDelegate : Finished Spring Data repository scanning in 22 ms. Found 0 Redis repository interfaces.
Logging initialized using 'class org.apache.ibatis.logging.stdout.StdOutImpl' adapter.
Initialization Sequence datacenterId:0 workerId:8
 _ _   |_  _ _|_. ___ _ |    _ 
| | |\/|_)(_| | |_\  |_)||_|_\ 
     /               |         
                        3.5.5 
2026-03-02T16:19:33.270+08:00  INFO 21216 --- [procurement-server] [           main] o.s.s.web.DefaultSecurityFilterChain     : Will secure any request with [org.springframework.security.web.session.DisableEncodeUrlFilter@73dd0f23, org.springframework.security.web.context.request.async.WebAsyncManagerIntegrationFilter@38d4488c, org.springframework.security.web.context.SecurityContextHolderFilter@189e96af, org.springframework.security.web.header.HeaderWriterFilter@62aee901, org.springframework.web.filter.CorsFilter@579ce2e9, org.springframework.security.web.authentication.logout.LogoutFilter@1c7744c1, com.procurement.security.JwtAuthFilter@1b800a11, org.springframework.security.web.savedrequest.RequestCacheAwareFilter@60e80279, org.springframework.security.web.servletapi.SecurityContextHolderAwareRequestFilter@7fc56d61, org.springframework.security.web.authentication.AnonymousAuthenticationFilter@3faa55, org.springframework.security.web.session.SessionManagementFilter@4fc256ec, org.springframework.security.web.access.ExceptionTranslationFilter@31a024ea, org.springframework.security.web.access.intercept.AuthorizationFilter@285c63cf]
2026-03-02T16:19:34.296+08:00  INFO 21216 --- [procurement-server] [           main] c.p.ProcurementApplicationTests          : Started ProcurementApplicationTests in 7.406 seconds (process running for 8.552)
]]></system-out>
    <system-err><![CDATA[WARNING: A Java agent has been loaded dynamically (C:\Users\25291\.m2\repository\net\bytebuddy\byte-buddy-agent\1.14.12\byte-buddy-agent-1.14.12.jar)
WARNING: If a serviceability tool is in use, please run with -XX:+EnableDynamicAgentLoading to hide this warning
WARNING: If a serviceability tool is not in use, please run with -Djdk.instrument.traceUsage for more information
WARNING: Dynamic loading of agents will be disallowed by default in a future release
]]></system-err>
  </testcase>
</testsuite>